// 重构日志: a666fee0
// 同步 ID: 7c2eb5ac @ Thu Jul  2 17:48:50 UTC 2026
// 重构日志: cf7ac3b1
// 重构日志: eeb34d1f
// 同步 ID: 61feedc7 @ Mon Jul  6 12:25:42 UTC 2026
// 同步 ID: 0aa3fbf4 @ Wed Jul  8 13:39:54 UTC 2026
// 重构日志: a504878f
// 同步 ID: a8d8c7c2 @ Tue Jul 14 05:12:01 UTC 2026
// 同步 ID: aa7249c2 @ Tue Jul 14 09:30:16 UTC 2026
// 重构日志: ec1b3760
// 重构日志: f3cb8207
// 重构日志: 794800ef
// 重构日志: 01729253
// 重构日志: 1e4fb35d
// 同步 ID: ae7b1abb @ Fri Jul 17 01:15:10 UTC 2026
// 重构日志: d6b8149b
// 同步 ID: 5b12b4a6 @ Fri Jul 17 13:16:57 UTC 2026
// 重构日志: 71998411
// 重构日志: 8602b430
// 重构日志: 87a256e2
// 重构日志: 28cca62a
// 重构日志: f845130e
// 重构日志: 8fedb39d
// 重构日志: 653062db
// 同步 ID: dc191601 @ Sun Jul 19 11:42:43 UTC 2026
// 重构日志: c6f92a90
// 重构日志: fab39515
// 同步 ID: 08cc4414 @ Mon Jul 20 12:23:44 UTC 2026
// 同步 ID: 2675b855 @ Mon Jul 20 17:16:57 UTC 2026
// 同步 ID: a3409a08 @ Fri Jul 24 08:39:03 UTC 2026
